<?xml version="1.0" encoding="UTF-8"?>
<testsuites>
  <testsuite name="Roman number converter" tests="40" assertions="42" failures="0" errors="0" time="0.352683">
    <testsuite name="RomanNumberConverterFunctionalTest" file="C:\workspace\php\RomanNumberConverter\tests\Functional\RomanNumberConverterFunctionalTest.php" tests="18" assertions="18" failures="0" errors="0" time="0.132185">
      <testsuite name="RomanNumberConverterFunctionalTest::testConvert" tests="18" assertions="18" failures="0" errors="0" time="0.132185">
        <testcase name="testConvert with data set #0" assertions="1" time="0.013950"/>
        <testcase name="testConvert with data set #1" assertions="1" time="0.006314"/>
        <testcase name="testConvert with data set #2" assertions="1" time="0.006452"/>
        <testcase name="testConvert with data set #3" assertions="1" time="0.005977"/>
        <testcase name="testConvert with data set #4" assertions="1" time="0.005994"/>
        <testcase name="testConvert with data set #5" assertions="1" time="0.005777"/>
        <testcase name="testConvert with data set #6" assertions="1" time="0.006470"/>
        <testcase name="testConvert with data set #7" assertions="1" time="0.006426"/>
        <testcase name="testConvert with data set #8" assertions="1" time="0.005953"/>
        <testcase name="testConvert with data set #9" assertions="1" time="0.006621"/>
        <testcase name="testConvert with data set #10" assertions="1" time="0.006589"/>
        <testcase name="testConvert with data set #11" assertions="1" time="0.006072"/>
        <testcase name="testConvert with data set #12" assertions="1" time="0.007407"/>
        <testcase name="testConvert with data set #13" assertions="1" time="0.006829"/>
        <testcase name="testConvert with data set #14" assertions="1" time="0.009238"/>
        <testcase name="testConvert with data set #15" assertions="1" time="0.008241"/>
        <testcase name="testConvert with data set #16" assertions="1" time="0.009437"/>
        <testcase name="testConvert with data set #17" assertions="1" time="0.008438"/>
      </testsuite>
    </testsuite>
    <testsuite name="RomanNumberTest" file="C:\workspace\php\RomanNumberConverter\tests\Functional\RomanNumberTest.php" tests="1" assertions="0" failures="0" errors="0" time="0.005490">
      <testcase name="testNumbers" class="RomanNumberTest" file="C:\workspace\php\RomanNumberConverter\tests\Functional\RomanNumberTest.php" line="17" assertions="0" time="0.005490"/>
    </testsuite>
    <testsuite name="RomanNumberBuilderTest" file="C:\workspace\php\RomanNumberConverter\tests\Unit\Builder\RomanNumberBuilderTest.php" tests="10" assertions="10" failures="0" errors="0" time="0.089555">
      <testcase name="testCreateOne" class="RomanNumberBuilderTest" file="C:\workspace\php\RomanNumberConverter\tests\Unit\Builder\RomanNumberBuilderTest.php" line="34" assertions="1" time="0.021678"/>
      <testcase name="testCreateTwo" class="RomanNumberBuilderTest" file="C:\workspace\php\RomanNumberConverter\tests\Unit\Builder\RomanNumberBuilderTest.php" line="39" assertions="1" time="0.007835"/>
      <testcase name="testCreateThree" class="RomanNumberBuilderTest" file="C:\workspace\php\RomanNumberConverter\tests\Unit\Builder\RomanNumberBuilderTest.php" line="44" assertions="1" time="0.007414"/>
      <testcase name="testCreateFour" class="RomanNumberBuilderTest" file="C:\workspace\php\RomanNumberConverter\tests\Unit\Builder\RomanNumberBuilderTest.php" line="49" assertions="1" time="0.007567"/>
      <testcase name="testCreateFive" class="RomanNumberBuilderTest" file="C:\workspace\php\RomanNumberConverter\tests\Unit\Builder\RomanNumberBuilderTest.php" line="54" assertions="1" time="0.007145"/>
      <testcase name="testCreateSix" class="RomanNumberBuilderTest" file="C:\workspace\php\RomanNumberConverter\tests\Unit\Builder\RomanNumberBuilderTest.php" line="59" assertions="1" time="0.007088"/>
      <testcase name="testCreateSeven" class="RomanNumberBuilderTest" file="C:\workspace\php\RomanNumberConverter\tests\Unit\Builder\RomanNumberBuilderTest.php" line="64" assertions="1" time="0.006984"/>
      <testcase name="testCreateEight" class="RomanNumberBuilderTest" file="C:\workspace\php\RomanNumberConverter\tests\Unit\Builder\RomanNumberBuilderTest.php" line="69" assertions="1" time="0.007400"/>
      <testcase name="testCreateNine" class="RomanNumberBuilderTest" file="C:\workspace\php\RomanNumberConverter\tests\Unit\Builder\RomanNumberBuilderTest.php" line="74" assertions="1" time="0.007052"/>
      <testcase name="testCreateException" class="RomanNumberBuilderTest" file="C:\workspace\php\RomanNumberConverter\tests\Unit\Builder\RomanNumberBuilderTest.php" line="82" assertions="1" time="0.009391"/>
    </testsuite>
    <testsuite name="RomanNumberContainerTest" file="C:\workspace\php\RomanNumberConverter\tests\Unit\Container\RomanNumberContainerTest.php" tests="1" assertions="3" failures="0" errors="0" time="0.021925">
      <testcase name="testAdd" class="RomanNumberContainerTest" file="C:\workspace\php\RomanNumberConverter\tests\Unit\Container\RomanNumberContainerTest.php" line="8" assertions="3" time="0.021925"/>
    </testsuite>
    <testsuite name="RomanGreatnessTest" file="C:\workspace\php\RomanNumberConverter\tests\Unit\Entity\RomanGreatnessTest.php" tests="5" assertions="5" failures="0" errors="0" time="0.034514">
      <testcase name="testConstructor" class="RomanGreatnessTest" file="C:\workspace\php\RomanNumberConverter\tests\Unit\Entity\RomanGreatnessTest.php" line="20" assertions="1" time="0.006369"/>
      <testsuite name="RomanGreatnessTest::testGetFunctions" tests="4" assertions="4" failures="0" errors="0" time="0.028145">
        <testcase name="testGetFunctions with data set #0" assertions="1" time="0.005690"/>
        <testcase name="testGetFunctions with data set #1" assertions="1" time="0.006227"/>
        <testcase name="testGetFunctions with data set #2" assertions="1" time="0.005969"/>
        <testcase name="testGetFunctions with data set #3" assertions="1" time="0.010259"/>
      </testsuite>
    </testsuite>
    <testsuite name="RomanNumberConverterTest" file="C:\workspace\php\RomanNumberConverter\tests\Unit\Model\RomanNumberConverterTest.php" tests="5" assertions="6" failures="0" errors="0" time="0.069014">
      <testcase name="testConvert" class="RomanNumberConverterTest" file="C:\workspace\php\RomanNumberConverter\tests\Unit\Model\RomanNumberConverterTest.php" line="10" assertions="2" time="0.031382"/>
      <testsuite name="RomanNumberConverterTest::testConvertWithException" tests="4" assertions="4" failures="0" errors="0" time="0.037632">
        <testcase name="testConvertWithException with data set #0" assertions="1" time="0.008494"/>
        <testcase name="testConvertWithException with data set #1" assertions="1" time="0.009637"/>
        <testcase name="testConvertWithException with data set #2" assertions="1" time="0.008913"/>
        <testcase name="testConvertWithException with data set #3" assertions="1" time="0.010588"/>
      </testsuite>
    </testsuite>
  </testsuite>
</testsuites>
